04/16/2026 08:50:12 AM
LogName=Security
SourceName=Microsoft Windows security auditing.
EventCode=4740
EventType=0
Type=Information
ComputerName=WIN-DC01
TaskCategory=User Account Management
Keywords=Audit Success
Message=A user account was locked out.

Subject:
	Security ID:		S-1-5-18
	Account Name:		WIN-DC01$
	Account Domain:		CORP

Account That Was Locked Out:
	Security ID:		S-1-5-21-111222333-444555666-777888999-1105
	Account Name:		jdoe

Additional Information:
	Caller Computer Name:	WIN-WKST-07

04/16/2026 08:55:45 AM
LogName=Security
SourceName=Microsoft Windows security auditing.
EventCode=4740
EventType=0
Type=Information
ComputerName=WIN-DC01
Keywords=Audit Success
Message=A user account was locked out.

Account That Was Locked Out:
	Account Name:		svc_backup
Additional Information:
	Caller Computer Name:	WIN-APP-03
