04/16/2026 08:45:00 AM
LogName=Microsoft-Windows-Sysmon/Operational
SourceName=Microsoft-Windows-Sysmon
EventCode=13
EventType=4
Type=Information
ComputerName=WIN-WKST-42
User=NOT_TRANSLATED
Sid=S-1-5-18
SidType=0
TaskCategory=Registry value set (rule: RegistryEvent)
OpCode=Info
RecordNumber=884211
Keywords=None
Message=Registry value set:
RuleName: Persistence
EventType: SetValue
UtcTime: 2026-04-16 08:45:00.123
ProcessGuid: {aabbccdd-1234-5678-9abc-def012345678}
ProcessId: 4820
Image: C:\Users\Public\Downloads\invoice.exe
TargetObject: HKU\S-1-5-21-111222333-444555666-777888999-1001\SOFTWARE\Microsoft\Windows\CurrentVersion\Run\Updater
Details: C:\Users\Public\Downloads\invoice.exe

04/16/2026 08:46:10 AM
LogName=Microsoft-Windows-Sysmon/Operational
SourceName=Microsoft-Windows-Sysmon
EventCode=13
EventType=4
Type=Information
ComputerName=WIN-WKST-42
Keywords=None
Message=Registry value set:
RuleName: Persistence
EventType: SetValue
UtcTime: 2026-04-16 08:46:10.456
ProcessGuid: {11223344-5566-7788-99aa-bbccddeeff00}
ProcessId: 5312
Image: C:\ProgramData\Temp\loader.exe
TargetObject: HKLM\SOFTWARE\Microsoft\Windows\CurrentVersion\RunOnce\SvcLoader
Details: "C:\ProgramData\Temp\loader.exe" /silent
