04/16/2026 08:30:00 AM
LogName=System
SourceName=Service Control Manager
EventCode=7034
EventType=1
Type=Error
ComputerName=WIN-APP-01
TaskCategory=None
Keywords=Classic
Message=The MSSQLSERVER service terminated unexpectedly.  It has done this 3 time(s).

04/16/2026 08:32:00 AM
LogName=System
SourceName=Service Control Manager
EventCode=7031
EventType=1
Type=Error
ComputerName=WIN-APP-01
TaskCategory=None
Keywords=Classic
Message=The SQLSERVERAGENT service terminated unexpectedly.  It has done this 5 time(s).  The following corrective action will be taken in 60000 milliseconds: Restart the service.

04/16/2026 08:35:00 AM
LogName=System
SourceName=Service Control Manager
EventCode=7036
EventType=4
Type=Information
ComputerName=WIN-APP-01
TaskCategory=None
Keywords=Classic
Message=The MSSQLSERVER service entered the stopped state.
