04/16/2026 08:10:15 AM
LogName=Security
SourceName=Microsoft Windows security auditing.
EventCode=4625
EventType=0
Type=Information
ComputerName=WIN-DC01
TaskCategory=Logon
OpCode=Info
RecordNumber=112233
Keywords=Audit Failure
Message=An account failed to log on.

Subject:
    Security ID:        NULL SID
    Account Name:       -
    Account Domain:     -
    Logon ID:           0x0

Logon Type:         3

Account For Which Logon Failed:
    Security ID:        NULL SID
    Account Name:       administrator
    Account Domain:     CORP

Failure Information:
    Failure Reason:     Unknown user name or bad password.
    Status:             0xC000006D
    Sub Status:         0xC000006A

Network Information:
    Workstation Name:   -
    Source Network Address: 10.77.0.8
    Source Port:        49920
    IpAddress:          10.77.0.8
    IpPort:             49920

04/16/2026 08:10:21 AM
LogName=Security
SourceName=Microsoft Windows security auditing.
EventCode=4625
EventType=0
Type=Information
ComputerName=WIN-DC01
TaskCategory=Logon
OpCode=Info
Keywords=Audit Failure
Message=An account failed to log on.
Logon Type:         3
Account Name:       administrator
Account Domain:     CORP
Failure Reason:     Unknown user name or bad password.
IpAddress:          10.77.0.8
IpPort:             49928

04/16/2026 08:10:27 AM
LogName=Security
SourceName=Microsoft Windows security auditing.
EventCode=4625
EventType=0
Keywords=Audit Failure
Message=An account failed to log on.
Logon Type:         3
Account Name:       svc_backup
Account Domain:     CORP
Failure Reason:     Unknown user name or bad password.
IpAddress:          10.77.0.8
IpPort:             49934

04/16/2026 08:10:33 AM
LogName=Security
SourceName=Microsoft Windows security auditing.
EventCode=4625
EventType=0
Keywords=Audit Failure
Message=An account failed to log on.
Logon Type:         3
Account Name:       svc_backup
Account Domain:     CORP
Failure Reason:     Unknown user name or bad password.
IpAddress:          10.77.0.8
IpPort:             49940
